{"level":30,"time":1733249417155,"pid":327311,"hostname":"camila-HP-ProBook-6560b","msg":"Server is running on port 3000"}
{"level":30,"time":1733249940314,"pid":336203,"hostname":"camila-HP-ProBook-6560b","msg":"Server is running on port 3000"}
{"level":30,"time":1733249946472,"pid":336360,"hostname":"camila-HP-ProBook-6560b","msg":"Server is running on port 3000"}
{"level":30,"time":1733249957663,"pid":336710,"hostname":"camila-HP-ProBook-6560b","msg":"Server is running on port 3000"}
{"level":30,"time":1733249962548,"pid":336808,"hostname":"camila-HP-ProBook-6560b","msg":"Server is running on port 3000"}
{"level":30,"time":1733249966563,"pid":336952,"hostname":"camila-HP-ProBook-6560b","msg":"Server is running on port 3000"}
{"level":30,"time":1733250028480,"pid":338088,"hostname":"camila-HP-ProBook-6560b","msg":"Server is running on port 3000"}
{"level":30,"time":1733250036930,"pid":338372,"hostname":"camila-HP-ProBook-6560b","msg":"Server is running on port 3000"}
{"level":30,"time":1733250041825,"pid":338473,"hostname":"camila-HP-ProBook-6560b","msg":"Server is running on port 3000"}
{"level":30,"time":1733250045278,"pid":338677,"hostname":"camila-HP-ProBook-6560b","msg":"Server is running on port 3000"}
{"level":30,"time":1733250049873,"pid":338776,"hostname":"camila-HP-ProBook-6560b","msg":"Server is running on port 3000"}
{"level":30,"time":1733250052828,"pid":338893,"hostname":"camila-HP-ProBook-6560b","msg":"Server is running on port 3000"}
{"level":30,"time":1733250059668,"pid":339029,"hostname":"camila-HP-ProBook-6560b","msg":"Server is running on port 3000"}
{"level":30,"time":1733250077687,"pid":339454,"hostname":"camila-HP-ProBook-6560b","msg":"Server is running on port 3000"}
{"level":30,"time":1733250162342,"pid":339454,"hostname":"camila-HP-ProBook-6560b","msg":"controller"}
{"level":30,"time":1733250366395,"pid":345179,"hostname":"camila-HP-ProBook-6560b","msg":"Server is running on port 3000"}
{"level":30,"time":1733250381008,"pid":345476,"hostname":"camila-HP-ProBook-6560b","msg":"Server is running on port 3000"}
{"level":30,"time":1733250388763,"pid":345639,"hostname":"camila-HP-ProBook-6560b","msg":"Server is running on port 3000"}
{"level":30,"time":1733250392538,"pid":345838,"hostname":"camila-HP-ProBook-6560b","msg":"Server is running on port 3000"}
{"level":30,"time":1733250446627,"pid":345838,"hostname":"camila-HP-ProBook-6560b","msg":"controller"}
{"level":30,"time":1733752215048,"pid":553261,"hostname":"camila-HP-ProBook-6560b","msg":"Server is running on port 3000"}
{"level":30,"time":1733758103660,"pid":646490,"hostname":"camila-HP-ProBook-6560b","msg":"Server is running on port 3000"}
{"level":30,"time":1733760226537,"pid":673299,"hostname":"camila-HP-ProBook-6560b","msg":"Server is running on port 3000"}
{"level":30,"time":1733760235034,"pid":673490,"hostname":"camila-HP-ProBook-6560b","msg":"Server is running on port 3000"}
{"level":30,"time":1733760571771,"pid":678625,"hostname":"camila-HP-ProBook-6560b","msg":"Server is running on port 3000"}
{"level":30,"time":1733760579223,"pid":678741,"hostname":"camila-HP-ProBook-6560b","msg":"Server is running on port 3000"}
{"level":30,"time":1733760595540,"pid":679103,"hostname":"camila-HP-ProBook-6560b","msg":"Server is running on port 3000"}
{"level":30,"time":1733760598735,"pid":679159,"hostname":"camila-HP-ProBook-6560b","msg":"Server is running on port 3000"}
{"level":30,"time":1733760615038,"pid":679607,"hostname":"camila-HP-ProBook-6560b","msg":"Server is running on port 3000"}
{"level":30,"time":1733765950125,"pid":738517,"hostname":"camila-HP-ProBook-6560b","msg":"Server is running on port 3000"}
{"level":30,"time":1733766072535,"pid":740242,"hostname":"camila-HP-ProBook-6560b","msg":"Server is running on port 3000"}
{"level":30,"time":1733766075946,"pid":740306,"hostname":"camila-HP-ProBook-6560b","msg":"Server is running on port 3000"}
{"level":30,"time":1733766126284,"pid":741477,"hostname":"camila-HP-ProBook-6560b","msg":"Server is running on port 3000"}
{"level":30,"time":1733766179658,"pid":742091,"hostname":"camila-HP-ProBook-6560b","msg":"Server is running on port 3000"}
{"level":30,"time":1733766183266,"pid":742165,"hostname":"camila-HP-ProBook-6560b","msg":"Server is running on port 3000"}
{"level":30,"time":1733766185573,"pid":742199,"hostname":"camila-HP-ProBook-6560b","msg":"Server is running on port 3000"}
{"level":30,"time":1733766187294,"pid":742258,"hostname":"camila-HP-ProBook-6560b","msg":"Server is running on port 3000"}
{"level":30,"time":1733766931596,"pid":750316,"hostname":"camila-HP-ProBook-6560b","msg":"Server is running on port 3000"}
{"level":30,"time":1733766935499,"pid":750388,"hostname":"camila-HP-ProBook-6560b","msg":"Server is running on port 3000"}
{"level":30,"time":1733766937950,"pid":750439,"hostname":"camila-HP-ProBook-6560b","msg":"Server is running on port 3000"}
{"level":30,"time":1733766939059,"pid":750480,"hostname":"camila-HP-ProBook-6560b","msg":"Server is running on port 3000"}
{"level":30,"time":1733766958797,"pid":750727,"hostname":"camila-HP-ProBook-6560b","msg":"Server is running on port 3000"}
{"level":30,"time":1733766962016,"pid":750803,"hostname":"camila-HP-ProBook-6560b","msg":"Server is running on port 3000"}
{"level":30,"time":1733766966136,"pid":750912,"hostname":"camila-HP-ProBook-6560b","msg":"Server is running on port 3000"}
{"level":30,"time":1733766968408,"pid":750947,"hostname":"camila-HP-ProBook-6560b","msg":"Server is running on port 3000"}
{"level":30,"time":1733766973185,"pid":751025,"hostname":"camila-HP-ProBook-6560b","msg":"Server is running on port 3000"}
{"level":30,"time":1733766976556,"pid":751101,"hostname":"camila-HP-ProBook-6560b","msg":"Server is running on port 3000"}
{"level":30,"time":1733766981232,"pid":751229,"hostname":"camila-HP-ProBook-6560b","msg":"Server is running on port 3000"}
{"level":30,"time":1733766982884,"pid":751273,"hostname":"camila-HP-ProBook-6560b","msg":"Server is running on port 3000"}
{"level":30,"time":1733766984584,"pid":751305,"hostname":"camila-HP-ProBook-6560b","msg":"Server is running on port 3000"}
{"level":30,"time":1733766987351,"pid":751378,"hostname":"camila-HP-ProBook-6560b","msg":"Server is running on port 3000"}
{"level":30,"time":1733766994136,"pid":751479,"hostname":"camila-HP-ProBook-6560b","msg":"Server is running on port 3000"}
{"level":30,"time":1733766996611,"pid":751556,"hostname":"camila-HP-ProBook-6560b","msg":"Server is running on port 3000"}
{"level":30,"time":1733767000224,"pid":751589,"hostname":"camila-HP-ProBook-6560b","msg":"Server is running on port 3000"}
{"level":30,"time":1733767007772,"pid":751719,"hostname":"camila-HP-ProBook-6560b","msg":"Server is running on port 3000"}
{"level":30,"time":1733767009223,"pid":751754,"hostname":"camila-HP-ProBook-6560b","msg":"Server is running on port 3000"}
{"level":30,"time":1733767142185,"pid":753297,"hostname":"camila-HP-ProBook-6560b","msg":"Server is running on port 3000"}
{"level":30,"time":1733767145421,"pid":753446,"hostname":"camila-HP-ProBook-6560b","msg":"Server is running on port 3000"}
{"level":30,"time":1733767148125,"pid":753557,"hostname":"camila-HP-ProBook-6560b","msg":"Server is running on port 3000"}
{"level":30,"time":1733767151610,"pid":753730,"hostname":"camila-HP-ProBook-6560b","msg":"Server is running on port 3000"}
{"level":30,"time":1733767154668,"pid":753877,"hostname":"camila-HP-ProBook-6560b","msg":"Server is running on port 3000"}
{"level":30,"time":1733767157327,"pid":754023,"hostname":"camila-HP-ProBook-6560b","msg":"Server is running on port 3000"}
{"level":30,"time":1733767175557,"pid":754352,"hostname":"camila-HP-ProBook-6560b","msg":"Server is running on port 3000"}
{"level":30,"time":1733767178674,"pid":754493,"hostname":"camila-HP-ProBook-6560b","msg":"Server is running on port 3000"}
{"level":30,"time":1733767184219,"pid":754569,"hostname":"camila-HP-ProBook-6560b","msg":"Server is running on port 3000"}
{"level":30,"time":1733767256808,"pid":755996,"hostname":"camila-HP-ProBook-6560b","msg":"Server is running on port 3000"}
{"level":30,"time":1733767262064,"pid":756067,"hostname":"camila-HP-ProBook-6560b","msg":"Server is running on port 3000"}
{"level":30,"time":1733767263058,"pid":756110,"hostname":"camila-HP-ProBook-6560b","msg":"Server is running on port 3000"}
{"level":30,"time":1733767265330,"pid":756144,"hostname":"camila-HP-ProBook-6560b","msg":"Server is running on port 3000"}
{"level":30,"time":1733767266558,"pid":756176,"hostname":"camila-HP-ProBook-6560b","msg":"Server is running on port 3000"}
{"level":30,"time":1733767267496,"pid":756216,"hostname":"camila-HP-ProBook-6560b","msg":"Server is running on port 3000"}
{"level":30,"time":1733767272951,"pid":756303,"hostname":"camila-HP-ProBook-6560b","msg":"Server is running on port 3000"}
{"level":30,"time":1733767305973,"pid":756977,"hostname":"camila-HP-ProBook-6560b","msg":"Server is running on port 3000"}
{"level":30,"time":1733767311633,"pid":757066,"hostname":"camila-HP-ProBook-6560b","msg":"Server is running on port 3000"}
{"level":30,"time":1733767317201,"pid":757178,"hostname":"camila-HP-ProBook-6560b","msg":"Server is running on port 3000"}
{"level":30,"time":1733767322039,"pid":757246,"hostname":"camila-HP-ProBook-6560b","msg":"Server is running on port 3000"}
{"level":30,"time":1733767447067,"pid":760036,"hostname":"camila-HP-ProBook-6560b","msg":"Server is running on port 3000"}
{"level":30,"time":1733767621332,"pid":764002,"hostname":"camila-HP-ProBook-6560b","msg":"Server is running on port 3000"}
{"level":30,"time":1733767858267,"pid":766762,"hostname":"camila-HP-ProBook-6560b","msg":"Server is running on port 3000"}
{"level":30,"time":1733767861618,"pid":766842,"hostname":"camila-HP-ProBook-6560b","msg":"Server is running on port 3000"}
{"level":30,"time":1733767868003,"pid":766938,"hostname":"camila-HP-ProBook-6560b","msg":"Server is running on port 3000"}
{"level":30,"time":1733767871163,"pid":767015,"hostname":"camila-HP-ProBook-6560b","msg":"Server is running on port 3000"}
{"level":30,"time":1733767874931,"pid":767070,"hostname":"camila-HP-ProBook-6560b","msg":"Server is running on port 3000"}
{"level":30,"time":1733767877367,"pid":767117,"hostname":"camila-HP-ProBook-6560b","msg":"Server is running on port 3000"}
{"level":30,"time":1733767883089,"pid":767410,"hostname":"camila-HP-ProBook-6560b","msg":"Server is running on port 3000"}
{"level":30,"time":1733767884600,"pid":767447,"hostname":"camila-HP-ProBook-6560b","msg":"Server is running on port 3000"}
{"level":30,"time":1733768073650,"pid":770080,"hostname":"camila-HP-ProBook-6560b","msg":"Server is running on port 3000"}
{"level":30,"time":1733768075092,"pid":770104,"hostname":"camila-HP-ProBook-6560b","msg":"Server is running on port 3000"}
{"level":30,"time":1733768078132,"pid":770165,"hostname":"camila-HP-ProBook-6560b","msg":"Server is running on port 3000"}
{"level":30,"time":1733768079506,"pid":770211,"hostname":"camila-HP-ProBook-6560b","msg":"Server is running on port 3000"}
{"level":30,"time":1733768084107,"pid":770266,"hostname":"camila-HP-ProBook-6560b","msg":"Server is running on port 3000"}
{"level":30,"time":1733768097767,"pid":770614,"hostname":"camila-HP-ProBook-6560b","msg":"Server is running on port 3000"}
{"level":30,"time":1733768435777,"pid":776406,"hostname":"camila-HP-ProBook-6560b","msg":"Server is running on port 3000"}
{"level":30,"time":1733768575403,"pid":778115,"hostname":"camila-HP-ProBook-6560b","msg":"Server is running on port 3000"}
{"level":30,"time":1733768585424,"pid":778285,"hostname":"camila-HP-ProBook-6560b","msg":"Server is running on port 3000"}
{"level":30,"time":1733768624092,"pid":778870,"hostname":"camila-HP-ProBook-6560b","msg":"Server is running on port 3000"}
{"level":30,"time":1733768628816,"pid":779166,"hostname":"camila-HP-ProBook-6560b","msg":"Server is running on port 3000"}
{"level":30,"time":1733768649896,"pid":779546,"hostname":"camila-HP-ProBook-6560b","msg":"Server is running on port 3000"}
{"level":30,"time":1733770033776,"pid":796047,"hostname":"camila-HP-ProBook-6560b","msg":"Server is running on port 3000"}
{"level":30,"time":1733770408113,"pid":801894,"hostname":"camila-HP-ProBook-6560b","msg":"Server is running on port 3000"}
{"level":30,"time":1733771110802,"pid":809559,"hostname":"camila-HP-ProBook-6560b","msg":"Server is running on port 3000"}
{"level":30,"time":1733771158124,"pid":810436,"hostname":"camila-HP-ProBook-6560b","msg":"Server is running on port 3000"}
{"level":30,"time":1733771162222,"pid":810533,"hostname":"camila-HP-ProBook-6560b","msg":"Server is running on port 3000"}
{"level":30,"time":1733771169886,"pid":810680,"hostname":"camila-HP-ProBook-6560b","msg":"Server is running on port 3000"}
{"level":30,"time":1733771184432,"pid":810867,"hostname":"camila-HP-ProBook-6560b","msg":"Server is running on port 3000"}
{"level":30,"time":1733771190095,"pid":810939,"hostname":"camila-HP-ProBook-6560b","msg":"Server is running on port 3000"}
{"level":30,"time":1733771200725,"pid":811153,"hostname":"camila-HP-ProBook-6560b","msg":"Server is running on port 3000"}
{"level":30,"time":1733771208397,"pid":811284,"hostname":"camila-HP-ProBook-6560b","msg":"Server is running on port 3000"}
{"level":30,"time":1733771214244,"pid":811363,"hostname":"camila-HP-ProBook-6560b","msg":"Server is running on port 3000"}
{"level":30,"time":1733771218476,"pid":811461,"hostname":"camila-HP-ProBook-6560b","msg":"Server is running on port 3000"}
{"level":30,"time":1733771226068,"pid":811577,"hostname":"camila-HP-ProBook-6560b","msg":"Server is running on port 3000"}
{"level":30,"time":1733771269384,"pid":812491,"hostname":"camila-HP-ProBook-6560b","msg":"Server is running on port 3000"}
{"level":30,"time":1733771308324,"pid":813234,"hostname":"camila-HP-ProBook-6560b","msg":"Server is running on port 3000"}
{"level":30,"time":1733771313580,"pid":813311,"hostname":"camila-HP-ProBook-6560b","msg":"Server is running on port 3000"}
{"level":30,"time":1733771326747,"pid":813777,"hostname":"camila-HP-ProBook-6560b","msg":"Server is running on port 3000"}
{"level":30,"time":1733771330497,"pid":813855,"hostname":"camila-HP-ProBook-6560b","msg":"Server is running on port 3000"}
{"level":30,"time":1734361797390,"pid":31149,"hostname":"camila-HP-ProBook-6560b","msg":"Server is running on port 3000"}
{"level":30,"time":1734365623240,"pid":70985,"hostname":"camila-HP-ProBook-6560b","msg":"Server is running on port 3000"}
{"level":30,"time":1734365901316,"pid":72822,"hostname":"camila-HP-ProBook-6560b","msg":"Server is running on port 3000"}
{"level":30,"time":1734365909716,"pid":73014,"hostname":"camila-HP-ProBook-6560b","msg":"Server is running on port 3000"}
{"level":30,"time":1734365913923,"pid":73077,"hostname":"camila-HP-ProBook-6560b","msg":"Server is running on port 3000"}
{"level":30,"time":1734365919542,"pid":73157,"hostname":"camila-HP-ProBook-6560b","msg":"Server is running on port 3000"}
{"level":30,"time":1734365928622,"pid":73273,"hostname":"camila-HP-ProBook-6560b","msg":"Server is running on port 3000"}
{"level":30,"time":1734365934242,"pid":73344,"hostname":"camila-HP-ProBook-6560b","msg":"Server is running on port 3000"}
{"level":30,"time":1734365943281,"pid":73462,"hostname":"camila-HP-ProBook-6560b","msg":"Server is running on port 3000"}
{"level":30,"time":1734365947756,"pid":73547,"hostname":"camila-HP-ProBook-6560b","msg":"Server is running on port 3000"}
{"level":30,"time":1734365953235,"pid":73620,"hostname":"camila-HP-ProBook-6560b","msg":"Server is running on port 3000"}
{"level":30,"time":1734365965061,"pid":73743,"hostname":"camila-HP-ProBook-6560b","msg":"Server is running on port 3000"}
{"level":30,"time":1734365975109,"pid":73862,"hostname":"camila-HP-ProBook-6560b","msg":"Server is running on port 3000"}
{"level":30,"time":1734365984653,"pid":74000,"hostname":"camila-HP-ProBook-6560b","msg":"Server is running on port 3000"}
{"level":50,"time":1734365989249,"pid":74000,"hostname":"camila-HP-ProBook-6560b","msg":"[HTTP_500] (0 , ListUserService_1.default) is not a function"}
{"level":30,"time":1734366065829,"pid":74867,"hostname":"camila-HP-ProBook-6560b","msg":"Server is running on port 3000"}
{"level":30,"time":1734366071214,"pid":74954,"hostname":"camila-HP-ProBook-6560b","msg":"Server is running on port 3000"}
{"level":30,"time":1734366076625,"pid":75026,"hostname":"camila-HP-ProBook-6560b","msg":"Server is running on port 3000"}
{"level":30,"time":1734366081595,"pid":75077,"hostname":"camila-HP-ProBook-6560b","msg":"Server is running on port 3000"}
{"level":30,"time":1734366086233,"pid":75142,"hostname":"camila-HP-ProBook-6560b","msg":"Server is running on port 3000"}
{"level":30,"time":1734366090376,"pid":75203,"hostname":"camila-HP-ProBook-6560b","msg":"Server is running on port 3000"}
{"level":30,"time":1734366106279,"pid":75443,"hostname":"camila-HP-ProBook-6560b","msg":"Server is running on port 3000"}
{"level":30,"time":1734366402851,"pid":78337,"hostname":"camila-HP-ProBook-6560b","msg":"Server is running on port 3000"}
{"level":30,"time":1734366474345,"pid":79482,"hostname":"camila-HP-ProBook-6560b","msg":"Server is running on port 3000"}
{"level":30,"time":1734366495421,"pid":79799,"hostname":"camila-HP-ProBook-6560b","msg":"Server is running on port 3000"}
{"level":30,"time":1734366499877,"pid":79857,"hostname":"camila-HP-ProBook-6560b","msg":"Server is running on port 3000"}
{"level":30,"time":1734366533506,"pid":80100,"hostname":"camila-HP-ProBook-6560b","msg":"Server is running on port 3000"}
{"level":30,"time":1734366540131,"pid":80208,"hostname":"camila-HP-ProBook-6560b","msg":"Server is running on port 3000"}
{"level":30,"time":1734366544003,"pid":80248,"hostname":"camila-HP-ProBook-6560b","msg":"Server is running on port 3000"}
{"level":30,"time":1734366566646,"pid":80467,"hostname":"camila-HP-ProBook-6560b","msg":"Server is running on port 3000"}
{"level":30,"time":1734366571808,"pid":80550,"hostname":"camila-HP-ProBook-6560b","msg":"Server is running on port 3000"}
{"level":30,"time":1734366576295,"pid":80593,"hostname":"camila-HP-ProBook-6560b","msg":"Server is running on port 3000"}
{"level":30,"time":1734366580958,"pid":80678,"hostname":"camila-HP-ProBook-6560b","msg":"Server is running on port 3000"}
{"level":30,"time":1734366585364,"pid":80737,"hostname":"camila-HP-ProBook-6560b","msg":"Server is running on port 3000"}
{"level":30,"time":1734366595297,"pid":80854,"hostname":"camila-HP-ProBook-6560b","msg":"Server is running on port 3000"}
{"level":30,"time":1734366604862,"pid":80972,"hostname":"camila-HP-ProBook-6560b","msg":"Server is running on port 3000"}
{"level":30,"time":1734366607240,"pid":81012,"hostname":"camila-HP-ProBook-6560b","msg":"Server is running on port 3000"}
{"level":30,"time":1734366610891,"pid":81076,"hostname":"camila-HP-ProBook-6560b","msg":"Server is running on port 3000"}
{"level":30,"time":1734366625201,"pid":81331,"hostname":"camila-HP-ProBook-6560b","msg":"Server is running on port 3000"}
{"level":30,"time":1734366639519,"pid":81510,"hostname":"camila-HP-ProBook-6560b","msg":"Server is running on port 3000"}
{"level":30,"time":1734366651505,"pid":81656,"hostname":"camila-HP-ProBook-6560b","msg":"Server is running on port 3000"}
{"level":30,"time":1734366658493,"pid":81741,"hostname":"camila-HP-ProBook-6560b","msg":"Server is running on port 3000"}
{"level":30,"time":1734366665342,"pid":81854,"hostname":"camila-HP-ProBook-6560b","msg":"Server is running on port 3000"}
{"level":30,"time":1734366669822,"pid":81895,"hostname":"camila-HP-ProBook-6560b","msg":"Server is running on port 3000"}
{"level":30,"time":1734366676612,"pid":82023,"hostname":"camila-HP-ProBook-6560b","msg":"Server is running on port 3000"}
{"level":30,"time":1734366678594,"pid":82059,"hostname":"camila-HP-ProBook-6560b","msg":"Server is running on port 3000"}
{"level":30,"time":1734366685149,"pid":82143,"hostname":"camila-HP-ProBook-6560b","msg":"Server is running on port 3000"}
{"level":30,"time":1734366695798,"pid":82272,"hostname":"camila-HP-ProBook-6560b","msg":"Server is running on port 3000"}
{"level":30,"time":1734367751429,"pid":91496,"hostname":"camila-HP-ProBook-6560b","msg":"Server is running on port 3000"}
{"level":30,"time":1734367760625,"pid":91640,"hostname":"camila-HP-ProBook-6560b","msg":"Server is running on port 3000"}
{"level":30,"time":1734367768021,"pid":91740,"hostname":"camila-HP-ProBook-6560b","msg":"Server is running on port 3000"}
{"level":30,"time":1734367774507,"pid":91833,"hostname":"camila-HP-ProBook-6560b","msg":"Server is running on port 3000"}
{"level":50,"time":1734367784233,"pid":91833,"hostname":"camila-HP-ProBook-6560b","msg":"[HTTP_500] Cannot read properties of undefined (reading 'split')"}
{"level":30,"time":1734367827012,"pid":92295,"hostname":"camila-HP-ProBook-6560b","msg":"Server is running on port 3000"}
{"level":30,"time":1734367831703,"pid":92360,"hostname":"camila-HP-ProBook-6560b","msg":"Server is running on port 3000"}
{"level":30,"time":1734367869651,"pid":92625,"hostname":"camila-HP-ProBook-6560b","msg":"Server is running on port 3000"}
{"level":30,"time":1734367872562,"pid":92679,"hostname":"camila-HP-ProBook-6560b","msg":"Server is running on port 3000"}
{"level":30,"time":1734367895539,"pid":92943,"hostname":"camila-HP-ProBook-6560b","msg":"Server is running on port 3000"}
{"level":30,"time":1734367899528,"pid":92999,"hostname":"camila-HP-ProBook-6560b","msg":"Server is running on port 3000"}
{"level":50,"time":1734367900539,"pid":92999,"hostname":"camila-HP-ProBook-6560b","msg":"[HTTP_500] TOKEN_IS_MISSING"}
{"level":30,"time":1734368017450,"pid":94441,"hostname":"camila-HP-ProBook-6560b","msg":"Server is running on port 3000"}
{"level":30,"time":1734368021613,"pid":94512,"hostname":"camila-HP-ProBook-6560b","msg":"Server is running on port 3000"}
{"level":30,"time":1734368028282,"pid":94572,"hostname":"camila-HP-ProBook-6560b","msg":"Server is running on port 3000"}
{"level":30,"time":1734368032457,"pid":94654,"hostname":"camila-HP-ProBook-6560b","msg":"Server is running on port 3000"}
{"level":30,"time":1734368039496,"pid":94760,"hostname":"camila-HP-ProBook-6560b","msg":"Server is running on port 3000"}
{"level":30,"time":1734368071676,"pid":95146,"hostname":"camila-HP-ProBook-6560b","msg":"Server is running on port 3000"}
{"level":30,"time":1734368078102,"pid":95199,"hostname":"camila-HP-ProBook-6560b","msg":"Server is running on port 3000"}
{"level":30,"time":1734368081368,"pid":95264,"hostname":"camila-HP-ProBook-6560b","msg":"Server is running on port 3000"}
{"level":30,"time":1734368087220,"pid":95322,"hostname":"camila-HP-ProBook-6560b","msg":"Server is running on port 3000"}
{"level":30,"time":1734368093316,"pid":95421,"hostname":"camila-HP-ProBook-6560b","msg":"Server is running on port 3000"}
{"level":30,"time":1734368142177,"pid":96282,"hostname":"camila-HP-ProBook-6560b","msg":"Server is running on port 3000"}
{"level":30,"time":1734368156358,"pid":96571,"hostname":"camila-HP-ProBook-6560b","msg":"Server is running on port 3000"}
{"level":30,"time":1734368166503,"pid":96676,"hostname":"camila-HP-ProBook-6560b","msg":"Server is running on port 3000"}
{"level":30,"time":1734368170910,"pid":96756,"hostname":"camila-HP-ProBook-6560b","msg":"Server is running on port 3000"}
{"level":30,"time":1734368184294,"pid":96913,"hostname":"camila-HP-ProBook-6560b","msg":"Server is running on port 3000"}
{"level":30,"time":1734368200378,"pid":97205,"hostname":"camila-HP-ProBook-6560b","msg":"Server is running on port 3000"}
{"level":30,"time":1734368206658,"pid":97281,"hostname":"camila-HP-ProBook-6560b","msg":"Server is running on port 3000"}
{"level":30,"time":1734368211475,"pid":97359,"hostname":"camila-HP-ProBook-6560b","msg":"Server is running on port 3000"}
{"level":30,"time":1734368217049,"pid":97437,"hostname":"camila-HP-ProBook-6560b","msg":"Server is running on port 3000"}
{"level":30,"time":1734368224676,"pid":97533,"hostname":"camila-HP-ProBook-6560b","msg":"Server is running on port 3000"}
{"level":30,"time":1734368536889,"pid":97533,"hostname":"camila-HP-ProBook-6560b","msg":"controller"}
{"level":30,"time":1734368634433,"pid":97533,"hostname":"camila-HP-ProBook-6560b","msg":"controller"}
{"level":50,"time":1734368657332,"pid":97533,"hostname":"camila-HP-ProBook-6560b","msg":"[HTTP_500] createdById_IS_REQUIRED"}
{"level":30,"time":1734368999040,"pid":102537,"hostname":"camila-HP-ProBook-6560b","msg":"Server is running on port 3000"}
{"level":50,"time":1734369217473,"pid":102537,"hostname":"camila-HP-ProBook-6560b","msg":"[HTTP_500] TOKEN_IS_INVALID_OR_IS_EXPIRED"}
{"level":30,"time":1734369266401,"pid":104276,"hostname":"camila-HP-ProBook-6560b","msg":"Server is running on port 3000"}
{"level":50,"time":1734369371161,"pid":104276,"hostname":"camila-HP-ProBook-6560b","msg":"[HTTP_500] Cannot read properties of null (reading 'update')"}
{"level":30,"time":1734369463633,"pid":105783,"hostname":"camila-HP-ProBook-6560b","msg":"Server is running on port 3000"}
{"level":30,"time":1734369469654,"pid":105850,"hostname":"camila-HP-ProBook-6560b","msg":"Server is running on port 3000"}
{"level":30,"time":1734369481920,"pid":106132,"hostname":"camila-HP-ProBook-6560b","msg":"Server is running on port 3000"}
{"level":30,"time":1734369486250,"pid":106222,"hostname":"camila-HP-ProBook-6560b","msg":"Server is running on port 3000"}
{"level":30,"time":1734369490894,"pid":106272,"hostname":"camila-HP-ProBook-6560b","msg":"Server is running on port 3000"}
{"level":30,"time":1734369496522,"pid":106354,"hostname":"camila-HP-ProBook-6560b","msg":"Server is running on port 3000"}
{"level":30,"time":1734369502094,"pid":106406,"hostname":"camila-HP-ProBook-6560b","msg":"Server is running on port 3000"}
{"level":30,"time":1734369509597,"pid":106714,"hostname":"camila-HP-ProBook-6560b","msg":"Server is running on port 3000"}
{"level":30,"time":1734369520849,"pid":106929,"hostname":"camila-HP-ProBook-6560b","msg":"Server is running on port 3000"}
{"level":50,"time":1734369525851,"pid":106929,"hostname":"camila-HP-ProBook-6560b","msg":"[HTTP_500] USER_NOT_FOUND"}
{"level":30,"time":1734369838301,"pid":109761,"hostname":"camila-HP-ProBook-6560b","msg":"Server is running on port 3000"}
{"level":30,"time":1734369854665,"pid":109909,"hostname":"camila-HP-ProBook-6560b","msg":"Server is running on port 3000"}
{"level":30,"time":1734369861485,"pid":110013,"hostname":"camila-HP-ProBook-6560b","msg":"Server is running on port 3000"}
{"level":30,"time":1734369866863,"pid":110100,"hostname":"camila-HP-ProBook-6560b","msg":"Server is running on port 3000"}
{"level":30,"time":1734369934093,"pid":110628,"hostname":"camila-HP-ProBook-6560b","msg":"Server is running on port 3000"}
{"level":30,"time":1734369945655,"pid":110747,"hostname":"camila-HP-ProBook-6560b","msg":"Server is running on port 3000"}
{"level":50,"time":1734369949218,"pid":110747,"hostname":"camila-HP-ProBook-6560b","msg":"[HTTP_500] Cannot read properties of null (reading 'update')"}
{"level":30,"time":1734370003167,"pid":111513,"hostname":"camila-HP-ProBook-6560b","msg":"Server is running on port 3000"}
{"level":30,"time":1734370013556,"pid":111697,"hostname":"camila-HP-ProBook-6560b","msg":"Server is running on port 3000"}
{"level":30,"time":1734370030046,"pid":111938,"hostname":"camila-HP-ProBook-6560b","msg":"Server is running on port 3000"}
{"level":30,"time":1734370037204,"pid":112022,"hostname":"camila-HP-ProBook-6560b","msg":"Server is running on port 3000"}
{"level":30,"time":1734370041680,"pid":112085,"hostname":"camila-HP-ProBook-6560b","msg":"Server is running on port 3000"}
{"level":30,"time":1734370048150,"pid":112186,"hostname":"camila-HP-ProBook-6560b","msg":"Server is running on port 3000"}
{"level":30,"time":1734370059878,"pid":112312,"hostname":"camila-HP-ProBook-6560b","msg":"Server is running on port 3000"}
{"level":30,"time":1734370067907,"pid":112479,"hostname":"camila-HP-ProBook-6560b","msg":"Server is running on port 3000"}
{"level":30,"time":1734370071563,"pid":112538,"hostname":"camila-HP-ProBook-6560b","msg":"Server is running on port 3000"}
{"level":50,"time":1734370076303,"pid":112538,"hostname":"camila-HP-ProBook-6560b","msg":"[HTTP_500] UNIT_NOT_FOUND"}
{"level":50,"time":1734370090611,"pid":112538,"hostname":"camila-HP-ProBook-6560b","msg":"[HTTP_500] TOKEN_IS_MISSING"}
{"level":50,"time":1734370128139,"pid":112538,"hostname":"camila-HP-ProBook-6560b","msg":"[HTTP_500] Cannot read properties of null (reading 'update')"}
{"level":30,"time":1734370159990,"pid":113335,"hostname":"camila-HP-ProBook-6560b","msg":"Server is running on port 3000"}
{"level":30,"time":1734370167575,"pid":113420,"hostname":"camila-HP-ProBook-6560b","msg":"Server is running on port 3000"}
{"level":30,"time":1734370172978,"pid":113609,"hostname":"camila-HP-ProBook-6560b","msg":"Server is running on port 3000"}
{"level":30,"time":1734370179970,"pid":113693,"hostname":"camila-HP-ProBook-6560b","msg":"Server is running on port 3000"}
{"level":30,"time":1734370186606,"pid":113834,"hostname":"camila-HP-ProBook-6560b","msg":"Server is running on port 3000"}
{"level":30,"time":1734370192898,"pid":114078,"hostname":"camila-HP-ProBook-6560b","msg":"Server is running on port 3000"}
{"level":30,"time":1734370198409,"pid":114174,"hostname":"camila-HP-ProBook-6560b","msg":"Server is running on port 3000"}
{"level":30,"time":1734370204207,"pid":114255,"hostname":"camila-HP-ProBook-6560b","msg":"Server is running on port 3000"}
{"level":50,"time":1734370206904,"pid":114255,"hostname":"camila-HP-ProBook-6560b","msg":"[HTTP_500] RECIPE_NOT_FOUND"}
{"level":50,"time":1734370332819,"pid":114255,"hostname":"camila-HP-ProBook-6560b","msg":"[HTTP_500] Validation error"}
{"level":50,"time":1734372998356,"pid":114255,"hostname":"camila-HP-ProBook-6560b","msg":"[HTTP_500] Validation error"}
{"level":50,"time":1734373109847,"pid":114255,"hostname":"camila-HP-ProBook-6560b","msg":"[HTTP_500] Validation error"}
{"level":50,"time":1734373559143,"pid":114255,"hostname":"camila-HP-ProBook-6560b","msg":"[HTTP_500] RECIPE_NOT_FOUND"}
{"level":30,"time":1734373907642,"pid":134393,"hostname":"camila-HP-ProBook-6560b","msg":"Server is running on port 3000"}
{"level":30,"time":1734373909419,"pid":134418,"hostname":"camila-HP-ProBook-6560b","msg":"Server is running on port 3000"}
{"level":30,"time":1734373912695,"pid":134494,"hostname":"camila-HP-ProBook-6560b","msg":"Server is running on port 3000"}
{"level":30,"time":1734373918126,"pid":134573,"hostname":"camila-HP-ProBook-6560b","msg":"Server is running on port 3000"}
{"level":30,"time":1734373920635,"pid":134612,"hostname":"camila-HP-ProBook-6560b","msg":"Server is running on port 3000"}
{"level":30,"time":1734373924595,"pid":134659,"hostname":"camila-HP-ProBook-6560b","msg":"Server is running on port 3000"}
{"level":30,"time":1734373926290,"pid":134698,"hostname":"camila-HP-ProBook-6560b","msg":"Server is running on port 3000"}
{"level":30,"time":1734373934376,"pid":134870,"hostname":"camila-HP-ProBook-6560b","msg":"Server is running on port 3000"}
{"level":30,"time":1734373940534,"pid":134954,"hostname":"camila-HP-ProBook-6560b","msg":"Server is running on port 3000"}
{"level":30,"time":1734373943948,"pid":135008,"hostname":"camila-HP-ProBook-6560b","msg":"Server is running on port 3000"}
{"level":30,"time":1734373950969,"pid":135103,"hostname":"camila-HP-ProBook-6560b","msg":"Server is running on port 3000"}
{"level":30,"time":1734373955831,"pid":135183,"hostname":"camila-HP-ProBook-6560b","msg":"Server is running on port 3000"}
{"level":30,"time":1734373960495,"pid":135259,"hostname":"camila-HP-ProBook-6560b","msg":"Server is running on port 3000"}
{"level":50,"time":1734373985547,"pid":135259,"hostname":"camila-HP-ProBook-6560b","msg":"[HTTP_500] EMAIL_ALREADY_IN_USE"}
{"level":50,"time":1734438805042,"pid":135259,"hostname":"camila-HP-ProBook-6560b","msg":"[HTTP_500] USER_NOT_FOUND"}
{"level":50,"time":1734438809413,"pid":135259,"hostname":"camila-HP-ProBook-6560b","msg":"[HTTP_500] USER_NOT_FOUND"}
{"level":50,"time":1734438814051,"pid":135259,"hostname":"camila-HP-ProBook-6560b","msg":"[HTTP_500] USER_NOT_FOUND"}
{"level":50,"time":1734438818596,"pid":135259,"hostname":"camila-HP-ProBook-6560b","msg":"[HTTP_500] USER_NOT_FOUND"}
{"level":50,"time":1734438829457,"pid":135259,"hostname":"camila-HP-ProBook-6560b","msg":"[HTTP_500] USER_NOT_FOUND"}
{"level":50,"time":1734438835793,"pid":135259,"hostname":"camila-HP-ProBook-6560b","msg":"[HTTP_500] USER_NOT_FOUND"}
{"level":50,"time":1734438895843,"pid":135259,"hostname":"camila-HP-ProBook-6560b","msg":"[HTTP_500] USER_NOT_FOUND"}
{"level":50,"time":1734439003732,"pid":135259,"hostname":"camila-HP-ProBook-6560b","msg":"[HTTP_500] USER_NOT_FOUND"}
{"level":50,"time":1734439013368,"pid":135259,"hostname":"camila-HP-ProBook-6560b","msg":"[HTTP_500] USER_NOT_FOUND"}
{"level":50,"time":1734439037679,"pid":135259,"hostname":"camila-HP-ProBook-6560b","msg":"[HTTP_500] USER_NOT_FOUND"}
{"level":50,"time":1734439081538,"pid":135259,"hostname":"camila-HP-ProBook-6560b","msg":"[HTTP_500] USER_NOT_FOUND"}
{"level":50,"time":1734439124583,"pid":135259,"hostname":"camila-HP-ProBook-6560b","msg":"[HTTP_500] USER_NOT_FOUND"}
{"level":50,"time":1734439237130,"pid":135259,"hostname":"camila-HP-ProBook-6560b","msg":"[HTTP_500] USER_NOT_FOUND"}
{"level":50,"time":1734439242383,"pid":135259,"hostname":"camila-HP-ProBook-6560b","msg":"[HTTP_500] USER_NOT_FOUND"}
{"level":50,"time":1734439265976,"pid":135259,"hostname":"camila-HP-ProBook-6560b","msg":"[HTTP_500] TOKEN_IS_MISSING"}
{"level":50,"time":1734439315444,"pid":135259,"hostname":"camila-HP-ProBook-6560b","msg":"[HTTP_500] USER_NOT_FOUND"}
{"level":30,"time":1734439447697,"pid":135259,"hostname":"camila-HP-ProBook-6560b","msg":"controller"}
{"level":50,"time":1734439464147,"pid":135259,"hostname":"camila-HP-ProBook-6560b","msg":"[HTTP_500] Cannot read properties of null (reading 'update')"}
{"level":30,"time":1734443165672,"pid":206654,"hostname":"camila-HP-ProBook-6560b","msg":"Server is running on port 3000"}
{"level":30,"time":1734443188755,"pid":206938,"hostname":"camila-HP-ProBook-6560b","msg":"Server is running on port 3000"}
{"level":30,"time":1734443192653,"pid":207030,"hostname":"camila-HP-ProBook-6560b","msg":"Server is running on port 3000"}
{"level":30,"time":1734443194855,"pid":207070,"hostname":"camila-HP-ProBook-6560b","msg":"Server is running on port 3000"}
{"level":30,"time":1734443197017,"pid":207108,"hostname":"camila-HP-ProBook-6560b","msg":"Server is running on port 3000"}
{"level":30,"time":1734443199864,"pid":207169,"hostname":"camila-HP-ProBook-6560b","msg":"Server is running on port 3000"}
{"level":30,"time":1734443206976,"pid":207260,"hostname":"camila-HP-ProBook-6560b","msg":"Server is running on port 3000"}
{"level":30,"time":1734443208461,"pid":207286,"hostname":"camila-HP-ProBook-6560b","msg":"Server is running on port 3000"}
{"level":30,"time":1734443209695,"pid":207310,"hostname":"camila-HP-ProBook-6560b","msg":"Server is running on port 3000"}
{"level":30,"time":1734443211191,"pid":207344,"hostname":"camila-HP-ProBook-6560b","msg":"Server is running on port 3000"}
{"level":30,"time":1734443213986,"pid":207368,"hostname":"camila-HP-ProBook-6560b","msg":"Server is running on port 3000"}
{"level":30,"time":1734443222721,"pid":207496,"hostname":"camila-HP-ProBook-6560b","msg":"Server is running on port 3000"}
{"level":50,"time":1734443279669,"pid":207496,"hostname":"camila-HP-ProBook-6560b","msg":"[HTTP_500] SUPPLIER_ID_9_DOES_NOT_EXIST"}
{"level":50,"time":1734443285133,"pid":207496,"hostname":"camila-HP-ProBook-6560b","msg":"[HTTP_500] SUPPLIER_ID_9_DOES_NOT_EXIST"}
{"level":30,"time":1734443302215,"pid":208709,"hostname":"camila-HP-ProBook-6560b","msg":"Server is running on port 3000"}
{"level":30,"time":1734443306389,"pid":208972,"hostname":"camila-HP-ProBook-6560b","msg":"Server is running on port 3000"}
{"level":30,"time":1734443308744,"pid":209028,"hostname":"camila-HP-ProBook-6560b","msg":"Server is running on port 3000"}
{"level":30,"time":1734443312284,"pid":209080,"hostname":"camila-HP-ProBook-6560b","msg":"Server is running on port 3000"}
{"level":50,"time":1734443319225,"pid":209080,"hostname":"camila-HP-ProBook-6560b","msg":"[HTTP_500] SUPPLIER_ID_9_DOES_NOT_EXIST"}
{"level":30,"time":1734450650117,"pid":209080,"hostname":"camila-HP-ProBook-6560b","msg":"controller"}
{"level":50,"time":1734450657314,"pid":209080,"hostname":"camila-HP-ProBook-6560b","msg":"[HTTP_500] USER_NOT_FOUND"}
{"level":30,"time":1734450762338,"pid":246383,"hostname":"camila-HP-ProBook-6560b","msg":"Server is running on port 3000"}
{"level":30,"time":1734450769104,"pid":246457,"hostname":"camila-HP-ProBook-6560b","msg":"Server is running on port 3000"}
{"level":30,"time":1734450833970,"pid":247136,"hostname":"camila-HP-ProBook-6560b","msg":"Server is running on port 3000"}
{"level":30,"time":1734450840439,"pid":247305,"hostname":"camila-HP-ProBook-6560b","msg":"Server is running on port 3000"}
{"level":30,"time":1734450841948,"pid":247327,"hostname":"camila-HP-ProBook-6560b","msg":"Server is running on port 3000"}
{"level":30,"time":1734450844369,"pid":247366,"hostname":"camila-HP-ProBook-6560b","msg":"Server is running on port 3000"}
{"level":30,"time":1734450846483,"pid":247460,"hostname":"camila-HP-ProBook-6560b","msg":"Server is running on port 3000"}
{"level":30,"time":1734450852701,"pid":247534,"hostname":"camila-HP-ProBook-6560b","msg":"Server is running on port 3000"}
{"level":30,"time":1734450853752,"pid":247549,"hostname":"camila-HP-ProBook-6560b","msg":"Server is running on port 3000"}
{"level":30,"time":1734450859439,"pid":247631,"hostname":"camila-HP-ProBook-6560b","msg":"Server is running on port 3000"}
{"level":30,"time":1734450862644,"pid":247676,"hostname":"camila-HP-ProBook-6560b","msg":"Server is running on port 3000"}
{"level":30,"time":1734450867074,"pid":247755,"hostname":"camila-HP-ProBook-6560b","msg":"Server is running on port 3000"}
{"level":30,"time":1734450870502,"pid":247818,"hostname":"camila-HP-ProBook-6560b","msg":"Server is running on port 3000"}
{"level":30,"time":1734450872168,"pid":247834,"hostname":"camila-HP-ProBook-6560b","msg":"Server is running on port 3000"}
{"level":30,"time":1734450874972,"pid":247888,"hostname":"camila-HP-ProBook-6560b","msg":"Server is running on port 3000"}
{"level":30,"time":1734450876265,"pid":247911,"hostname":"camila-HP-ProBook-6560b","msg":"Server is running on port 3000"}
{"level":30,"time":1734450878583,"pid":247938,"hostname":"camila-HP-ProBook-6560b","msg":"Server is running on port 3000"}
{"level":30,"time":1734450886453,"pid":248036,"hostname":"camila-HP-ProBook-6560b","msg":"Server is running on port 3000"}
{"level":30,"time":1734450890011,"pid":248089,"hostname":"camila-HP-ProBook-6560b","msg":"Server is running on port 3000"}
{"level":30,"time":1734450895982,"pid":248186,"hostname":"camila-HP-ProBook-6560b","msg":"Server is running on port 3000"}
{"level":30,"time":1734450899081,"pid":248225,"hostname":"camila-HP-ProBook-6560b","msg":"Server is running on port 3000"}
{"level":30,"time":1734450934019,"pid":248740,"hostname":"camila-HP-ProBook-6560b","msg":"Server is running on port 3000"}
{"level":30,"time":1734450935072,"pid":248776,"hostname":"camila-HP-ProBook-6560b","msg":"Server is running on port 3000"}
{"level":30,"time":1734450984935,"pid":249379,"hostname":"camila-HP-ProBook-6560b","msg":"Server is running on port 3000"}
{"level":30,"time":1734450991161,"pid":249589,"hostname":"camila-HP-ProBook-6560b","msg":"Server is running on port 3000"}
{"level":30,"time":1734450997944,"pid":249673,"hostname":"camila-HP-ProBook-6560b","msg":"Server is running on port 3000"}
{"level":30,"time":1734451004680,"pid":249746,"hostname":"camila-HP-ProBook-6560b","msg":"Server is running on port 3000"}
{"level":30,"time":1734451056024,"pid":250289,"hostname":"camila-HP-ProBook-6560b","msg":"Server is running on port 3000"}
{"level":30,"time":1734451063379,"pid":250406,"hostname":"camila-HP-ProBook-6560b","msg":"Server is running on port 3000"}
{"level":30,"time":1734451064937,"pid":250433,"hostname":"camila-HP-ProBook-6560b","msg":"Server is running on port 3000"}
{"level":30,"time":1734451083868,"pid":250616,"hostname":"camila-HP-ProBook-6560b","msg":"Server is running on port 3000"}
{"level":30,"time":1734451110193,"pid":250860,"hostname":"camila-HP-ProBook-6560b","msg":"Server is running on port 3000"}
{"level":30,"time":1734451113802,"pid":250908,"hostname":"camila-HP-ProBook-6560b","msg":"Server is running on port 3000"}
{"level":30,"time":1734451117086,"pid":250958,"hostname":"camila-HP-ProBook-6560b","msg":"Server is running on port 3000"}
{"level":30,"time":1734451206814,"pid":251800,"hostname":"camila-HP-ProBook-6560b","msg":"Server is running on port 3000"}
{"level":30,"time":1734451212874,"pid":251869,"hostname":"camila-HP-ProBook-6560b","msg":"Server is running on port 3000"}
{"level":30,"time":1734451214481,"pid":251914,"hostname":"camila-HP-ProBook-6560b","msg":"Server is running on port 3000"}
{"level":30,"time":1734451216396,"pid":251957,"hostname":"camila-HP-ProBook-6560b","msg":"Server is running on port 3000"}
{"level":30,"time":1734451217908,"pid":251983,"hostname":"camila-HP-ProBook-6560b","msg":"Server is running on port 3000"}
{"level":30,"time":1734451228424,"pid":252121,"hostname":"camila-HP-ProBook-6560b","msg":"Server is running on port 3000"}
{"level":30,"time":1734451242330,"pid":252257,"hostname":"camila-HP-ProBook-6560b","msg":"Server is running on port 3000"}
{"level":30,"time":1734451246692,"pid":252314,"hostname":"camila-HP-ProBook-6560b","msg":"Server is running on port 3000"}
{"level":30,"time":1734451248576,"pid":252338,"hostname":"camila-HP-ProBook-6560b","msg":"Server is running on port 3000"}
{"level":30,"time":1734451336697,"pid":253070,"hostname":"camila-HP-ProBook-6560b","msg":"Server is running on port 3000"}
{"level":30,"time":1734451338406,"pid":253108,"hostname":"camila-HP-ProBook-6560b","msg":"Server is running on port 3000"}
{"level":30,"time":1734451340694,"pid":253147,"hostname":"camila-HP-ProBook-6560b","msg":"Server is running on port 3000"}
{"level":30,"time":1734451343437,"pid":253187,"hostname":"camila-HP-ProBook-6560b","msg":"Server is running on port 3000"}
{"level":30,"time":1734451515078,"pid":255281,"hostname":"camila-HP-ProBook-6560b","msg":"Server is running on port 3000"}
{"level":30,"time":1734451568677,"pid":256352,"hostname":"camila-HP-ProBook-6560b","msg":"Server is running on port 3000"}
{"level":30,"time":1734451584559,"pid":256565,"hostname":"camila-HP-ProBook-6560b","msg":"Server is running on port 3000"}
{"level":30,"time":1734451585507,"pid":256661,"hostname":"camila-HP-ProBook-6560b","msg":"Server is running on port 3000"}
{"level":30,"time":1734451594338,"pid":256771,"hostname":"camila-HP-ProBook-6560b","msg":"Server is running on port 3000"}
{"level":30,"time":1734451595622,"pid":256808,"hostname":"camila-HP-ProBook-6560b","msg":"Server is running on port 3000"}
{"level":30,"time":1734451596804,"pid":256832,"hostname":"camila-HP-ProBook-6560b","msg":"Server is running on port 3000"}
{"level":30,"time":1734451599472,"pid":256859,"hostname":"camila-HP-ProBook-6560b","msg":"Server is running on port 3000"}
{"level":30,"time":1734451603419,"pid":256921,"hostname":"camila-HP-ProBook-6560b","msg":"Server is running on port 3000"}
{"level":30,"time":1734451606932,"pid":256978,"hostname":"camila-HP-ProBook-6560b","msg":"Server is running on port 3000"}
{"level":30,"time":1734451610063,"pid":257003,"hostname":"camila-HP-ProBook-6560b","msg":"Server is running on port 3000"}
{"level":30,"time":1734451617845,"pid":257369,"hostname":"camila-HP-ProBook-6560b","msg":"Server is running on port 3000"}
{"level":30,"time":1734451622048,"pid":257491,"hostname":"camila-HP-ProBook-6560b","msg":"Server is running on port 3000"}
{"level":30,"time":1734451626571,"pid":257559,"hostname":"camila-HP-ProBook-6560b","msg":"Server is running on port 3000"}
{"level":30,"time":1734451630039,"pid":257599,"hostname":"camila-HP-ProBook-6560b","msg":"Server is running on port 3000"}
{"level":30,"time":1734451632796,"pid":257644,"hostname":"camila-HP-ProBook-6560b","msg":"Server is running on port 3000"}
{"level":30,"time":1734451645579,"pid":257776,"hostname":"camila-HP-ProBook-6560b","msg":"Server is running on port 3000"}
{"level":30,"time":1734451649872,"pid":257854,"hostname":"camila-HP-ProBook-6560b","msg":"Server is running on port 3000"}
{"level":50,"time":1734451700367,"pid":257854,"hostname":"camila-HP-ProBook-6560b","msg":"[HTTP_500] createdById_IS_REQUIRED"}
{"level":50,"time":1734451722760,"pid":257854,"hostname":"camila-HP-ProBook-6560b","msg":"[HTTP_500] createdById_IS_REQUIRED"}
{"level":50,"time":1734451758923,"pid":257854,"hostname":"camila-HP-ProBook-6560b","msg":"[HTTP_500] createdById_IS_REQUIRED"}
{"level":30,"time":1734451825207,"pid":259149,"hostname":"camila-HP-ProBook-6560b","msg":"Server is running on port 3000"}
{"level":30,"time":1734451827935,"pid":259197,"hostname":"camila-HP-ProBook-6560b","msg":"Server is running on port 3000"}
{"level":30,"time":1734451829258,"pid":259243,"hostname":"camila-HP-ProBook-6560b","msg":"Server is running on port 3000"}
{"level":30,"time":1734451831415,"pid":259285,"hostname":"camila-HP-ProBook-6560b","msg":"Server is running on port 3000"}
{"level":30,"time":1734451832520,"pid":259307,"hostname":"camila-HP-ProBook-6560b","msg":"Server is running on port 3000"}
{"level":30,"time":1734451837025,"pid":259359,"hostname":"camila-HP-ProBook-6560b","msg":"Server is running on port 3000"}
{"level":30,"time":1734451838619,"pid":259391,"hostname":"camila-HP-ProBook-6560b","msg":"Server is running on port 3000"}
{"level":30,"time":1734451847972,"pid":259483,"hostname":"camila-HP-ProBook-6560b","msg":"Server is running on port 3000"}
{"level":30,"time":1734451851155,"pid":259530,"hostname":"camila-HP-ProBook-6560b","msg":"Server is running on port 3000"}
{"level":30,"time":1734451856267,"pid":259604,"hostname":"camila-HP-ProBook-6560b","msg":"Server is running on port 3000"}
{"level":50,"time":1734451866432,"pid":259604,"hostname":"camila-HP-ProBook-6560b","msg":"[HTTP_500] CREATED_BY_ID_IS_REQUIRED"}
{"level":50,"time":1734451896350,"pid":259604,"hostname":"camila-HP-ProBook-6560b","msg":"[HTTP_500] CREATED_BY_ID_IS_REQUIRED"}
{"level":30,"time":1734451996195,"pid":261635,"hostname":"camila-HP-ProBook-6560b","msg":"Server is running on port 3000"}
{"level":30,"time":1734452073728,"pid":262286,"hostname":"camila-HP-ProBook-6560b","msg":"Server is running on port 3000"}
{"level":30,"time":1734452119020,"pid":262996,"hostname":"camila-HP-ProBook-6560b","msg":"Server is running on port 3000"}
{"level":30,"time":1734452319575,"pid":264625,"hostname":"camila-HP-ProBook-6560b","msg":"Server is running on port 3000"}
{"level":30,"time":1734452321804,"pid":264696,"hostname":"camila-HP-ProBook-6560b","msg":"Server is running on port 3000"}
{"level":30,"time":1734452355706,"pid":264949,"hostname":"camila-HP-ProBook-6560b","msg":"Server is running on port 3000"}
{"level":30,"time":1734452359450,"pid":265011,"hostname":"camila-HP-ProBook-6560b","msg":"Server is running on port 3000"}
{"level":30,"time":1734452373862,"pid":265182,"hostname":"camila-HP-ProBook-6560b","msg":"Server is running on port 3000"}
{"level":50,"time":1734452381046,"pid":265182,"hostname":"camila-HP-ProBook-6560b","msg":"[HTTP_500] CREATED_BY_ID_IS_REQUIRED"}
{"level":30,"time":1734452394968,"pid":265542,"hostname":"camila-HP-ProBook-6560b","msg":"Server is running on port 3000"}
{"level":30,"time":1734452397137,"pid":265590,"hostname":"camila-HP-ProBook-6560b","msg":"Server is running on port 3000"}
{"level":30,"time":1734512316461,"pid":34500,"hostname":"camila-HP-ProBook-6560b","msg":"Server is running on port 3000"}
{"level":50,"time":1734512342960,"pid":34500,"hostname":"camila-HP-ProBook-6560b","msg":"[HTTP_500] CREATED_BY_ID_IS_REQUIRED"}
{"level":50,"time":1734512543186,"pid":34500,"hostname":"camila-HP-ProBook-6560b","msg":"[HTTP_500] CREATED_BY_ID_IS_REQUIRED"}
{"level":50,"time":1734512892156,"pid":34500,"hostname":"camila-HP-ProBook-6560b","msg":"[HTTP_500] insert or update on table \"IngredientSuppliers\" violates foreign key constraint \"IngredientSuppliers_ingredient_id_fkey\""}
{"level":30,"time":1734514091925,"pid":54270,"hostname":"camila-HP-ProBook-6560b","msg":"Server is running on port 3000"}
{"level":30,"time":1734514098138,"pid":54376,"hostname":"camila-HP-ProBook-6560b","msg":"Server is running on port 3000"}
{"level":30,"time":1734514103651,"pid":54471,"hostname":"camila-HP-ProBook-6560b","msg":"Server is running on port 3000"}
{"level":30,"time":1734514105385,"pid":54554,"hostname":"camila-HP-ProBook-6560b","msg":"Server is running on port 3000"}
{"level":30,"time":1734514107558,"pid":54592,"hostname":"camila-HP-ProBook-6560b","msg":"Server is running on port 3000"}
{"level":30,"time":1734514111682,"pid":54679,"hostname":"camila-HP-ProBook-6560b","msg":"Server is running on port 3000"}
{"level":30,"time":1734514115115,"pid":54752,"hostname":"camila-HP-ProBook-6560b","msg":"Server is running on port 3000"}
{"level":30,"time":1734514119857,"pid":55030,"hostname":"camila-HP-ProBook-6560b","msg":"Server is running on port 3000"}
{"level":30,"time":1734514122212,"pid":55477,"hostname":"camila-HP-ProBook-6560b","msg":"Server is running on port 3000"}
{"level":30,"time":1734514127850,"pid":55580,"hostname":"camila-HP-ProBook-6560b","msg":"Server is running on port 3000"}
{"level":30,"time":1734514143111,"pid":55930,"hostname":"camila-HP-ProBook-6560b","msg":"Server is running on port 3000"}
{"level":30,"time":1734514149222,"pid":56066,"hostname":"camila-HP-ProBook-6560b","msg":"Server is running on port 3000"}
{"level":30,"time":1734514152717,"pid":56104,"hostname":"camila-HP-ProBook-6560b","msg":"Server is running on port 3000"}
{"level":30,"time":1734514156668,"pid":56407,"hostname":"camila-HP-ProBook-6560b","msg":"Server is running on port 3000"}
{"level":30,"time":1734514159570,"pid":56457,"hostname":"camila-HP-ProBook-6560b","msg":"Server is running on port 3000"}
{"level":30,"time":1734514161571,"pid":56562,"hostname":"camila-HP-ProBook-6560b","msg":"Server is running on port 3000"}
{"level":30,"time":1734514165302,"pid":56631,"hostname":"camila-HP-ProBook-6560b","msg":"Server is running on port 3000"}
{"level":30,"time":1734514167803,"pid":56773,"hostname":"camila-HP-ProBook-6560b","msg":"Server is running on port 3000"}
{"level":30,"time":1734514170897,"pid":56828,"hostname":"camila-HP-ProBook-6560b","msg":"Server is running on port 3000"}
{"level":30,"time":1734514175672,"pid":56925,"hostname":"camila-HP-ProBook-6560b","msg":"Server is running on port 3000"}
{"level":30,"time":1734514177281,"pid":56949,"hostname":"camila-HP-ProBook-6560b","msg":"Server is running on port 3000"}
{"level":30,"time":1734514185911,"pid":57091,"hostname":"camila-HP-ProBook-6560b","msg":"Server is running on port 3000"}
{"level":30,"time":1734514186997,"pid":57125,"hostname":"camila-HP-ProBook-6560b","msg":"Server is running on port 3000"}
{"level":30,"time":1734514189999,"pid":57183,"hostname":"camila-HP-ProBook-6560b","msg":"Server is running on port 3000"}
{"level":30,"time":1734514198465,"pid":57419,"hostname":"camila-HP-ProBook-6560b","msg":"Server is running on port 3000"}
{"level":30,"time":1734514200665,"pid":57513,"hostname":"camila-HP-ProBook-6560b","msg":"Server is running on port 3000"}
{"level":30,"time":1734514216120,"pid":57785,"hostname":"camila-HP-ProBook-6560b","msg":"Server is running on port 3000"}
{"level":30,"time":1734514218578,"pid":57824,"hostname":"camila-HP-ProBook-6560b","msg":"Server is running on port 3000"}
{"level":30,"time":1734514220044,"pid":57869,"hostname":"camila-HP-ProBook-6560b","msg":"Server is running on port 3000"}
{"level":30,"time":1734514225331,"pid":57953,"hostname":"camila-HP-ProBook-6560b","msg":"Server is running on port 3000"}
{"level":30,"time":1734514229065,"pid":58054,"hostname":"camila-HP-ProBook-6560b","msg":"Server is running on port 3000"}
{"level":30,"time":1734514238661,"pid":58185,"hostname":"camila-HP-ProBook-6560b","msg":"Server is running on port 3000"}
{"level":30,"time":1734514245581,"pid":58308,"hostname":"camila-HP-ProBook-6560b","msg":"Server is running on port 3000"}
{"level":30,"time":1734514249808,"pid":58594,"hostname":"camila-HP-ProBook-6560b","msg":"Server is running on port 3000"}
{"level":30,"time":1734514271796,"pid":58898,"hostname":"camila-HP-ProBook-6560b","msg":"Server is running on port 3000"}
{"level":30,"time":1734514275097,"pid":59050,"hostname":"camila-HP-ProBook-6560b","msg":"Server is running on port 3000"}
{"level":30,"time":1734514278826,"pid":59119,"hostname":"camila-HP-ProBook-6560b","msg":"Server is running on port 3000"}
{"level":30,"time":1734514296417,"pid":59429,"hostname":"camila-HP-ProBook-6560b","msg":"Server is running on port 3000"}
{"level":30,"time":1734514298026,"pid":59457,"hostname":"camila-HP-ProBook-6560b","msg":"Server is running on port 3000"}
{"level":30,"time":1734514302469,"pid":59545,"hostname":"camila-HP-ProBook-6560b","msg":"Server is running on port 3000"}
{"level":30,"time":1734514304622,"pid":59658,"hostname":"camila-HP-ProBook-6560b","msg":"Server is running on port 3000"}
{"level":30,"time":1734514306699,"pid":59696,"hostname":"camila-HP-ProBook-6560b","msg":"Server is running on port 3000"}
{"level":30,"time":1734514310753,"pid":59765,"hostname":"camila-HP-ProBook-6560b","msg":"Server is running on port 3000"}
{"level":30,"time":1734514317453,"pid":59898,"hostname":"camila-HP-ProBook-6560b","msg":"Server is running on port 3000"}
{"level":30,"time":1734514318764,"pid":59925,"hostname":"camila-HP-ProBook-6560b","msg":"Server is running on port 3000"}
{"level":30,"time":1734514327527,"pid":60077,"hostname":"camila-HP-ProBook-6560b","msg":"Server is running on port 3000"}
{"level":30,"time":1734514337805,"pid":60363,"hostname":"camila-HP-ProBook-6560b","msg":"Server is running on port 3000"}
{"level":30,"time":1734514341993,"pid":60426,"hostname":"camila-HP-ProBook-6560b","msg":"Server is running on port 3000"}
{"level":30,"time":1734514373537,"pid":60795,"hostname":"camila-HP-ProBook-6560b","msg":"Server is running on port 3000"}
{"level":30,"time":1734514382160,"pid":60948,"hostname":"camila-HP-ProBook-6560b","msg":"Server is running on port 3000"}
{"level":30,"time":1734514387402,"pid":61056,"hostname":"camila-HP-ProBook-6560b","msg":"Server is running on port 3000"}
{"level":30,"time":1734514390359,"pid":61115,"hostname":"camila-HP-ProBook-6560b","msg":"Server is running on port 3000"}
{"level":30,"time":1734514392123,"pid":61153,"hostname":"camila-HP-ProBook-6560b","msg":"Server is running on port 3000"}
{"level":30,"time":1734514399413,"pid":61272,"hostname":"camila-HP-ProBook-6560b","msg":"Server is running on port 3000"}
{"level":30,"time":1734514402807,"pid":61332,"hostname":"camila-HP-ProBook-6560b","msg":"Server is running on port 3000"}
{"level":30,"time":1734514419456,"pid":61668,"hostname":"camila-HP-ProBook-6560b","msg":"Server is running on port 3000"}
{"level":30,"time":1734514420686,"pid":61729,"hostname":"camila-HP-ProBook-6560b","msg":"Server is running on port 3000"}
{"level":30,"time":1734514424498,"pid":61795,"hostname":"camila-HP-ProBook-6560b","msg":"Server is running on port 3000"}
{"level":30,"time":1734514480478,"pid":62381,"hostname":"camila-HP-ProBook-6560b","msg":"Server is running on port 3000"}
{"level":30,"time":1734514482158,"pid":62424,"hostname":"camila-HP-ProBook-6560b","msg":"Server is running on port 3000"}
{"level":30,"time":1734514483280,"pid":62466,"hostname":"camila-HP-ProBook-6560b","msg":"Server is running on port 3000"}
{"level":30,"time":1734514495497,"pid":62620,"hostname":"camila-HP-ProBook-6560b","msg":"Server is running on port 3000"}
{"level":30,"time":1734514510335,"pid":62833,"hostname":"camila-HP-ProBook-6560b","msg":"Server is running on port 3000"}
{"level":30,"time":1734514512250,"pid":62880,"hostname":"camila-HP-ProBook-6560b","msg":"Server is running on port 3000"}
{"level":30,"time":1734514516511,"pid":62945,"hostname":"camila-HP-ProBook-6560b","msg":"Server is running on port 3000"}
{"level":30,"time":1734514519065,"pid":63002,"hostname":"camila-HP-ProBook-6560b","msg":"Server is running on port 3000"}
{"level":30,"time":1734514520659,"pid":63031,"hostname":"camila-HP-ProBook-6560b","msg":"Server is running on port 3000"}
{"level":30,"time":1734514544209,"pid":63361,"hostname":"camila-HP-ProBook-6560b","msg":"Server is running on port 3000"}
{"level":50,"time":1734514683484,"pid":63361,"hostname":"camila-HP-ProBook-6560b","msg":"[HTTP_500] INVALID_INGREDIENT_IDS_4"}
{"level":50,"time":1734514747769,"pid":63361,"hostname":"camila-HP-ProBook-6560b","msg":"[HTTP_500] SUPPLIER_ID_11_DOES_NOT_EXIST"}
{"level":30,"time":1734514826009,"pid":67337,"hostname":"camila-HP-ProBook-6560b","msg":"Server is running on port 3000"}
{"level":30,"time":1734514863163,"pid":67855,"hostname":"camila-HP-ProBook-6560b","msg":"Server is running on port 3000"}
{"level":30,"time":1734514869462,"pid":67965,"hostname":"camila-HP-ProBook-6560b","msg":"Server is running on port 3000"}
{"level":30,"time":1734514880926,"pid":68159,"hostname":"camila-HP-ProBook-6560b","msg":"Server is running on port 3000"}
{"level":30,"time":1734514888749,"pid":68505,"hostname":"camila-HP-ProBook-6560b","msg":"Server is running on port 3000"}
{"level":30,"time":1734514892751,"pid":68579,"hostname":"camila-HP-ProBook-6560b","msg":"Server is running on port 3000"}
{"level":50,"time":1734514901665,"pid":68579,"hostname":"camila-HP-ProBook-6560b","msg":"[HTTP_500] SUPPLIER_ID_11_DOES_NOT_EXIST"}
{"level":50,"time":1734514907938,"pid":68579,"hostname":"camila-HP-ProBook-6560b","msg":"[HTTP_500] SUPPLIER_ID_11_DOES_NOT_EXIST"}
{"level":50,"time":1734514922795,"pid":68579,"hostname":"camila-HP-ProBook-6560b","msg":"[HTTP_500] SUPPLIER_ID_11_DOES_NOT_EXIST"}
{"level":30,"time":1734515320955,"pid":73579,"hostname":"camila-HP-ProBook-6560b","msg":"Server is running on port 3000"}
{"level":30,"time":1734515514340,"pid":75602,"hostname":"camila-HP-ProBook-6560b","msg":"Server is running on port 3000"}
{"level":30,"time":1734515516856,"pid":75779,"hostname":"camila-HP-ProBook-6560b","msg":"Server is running on port 3000"}
{"level":30,"time":1734515518456,"pid":75813,"hostname":"camila-HP-ProBook-6560b","msg":"Server is running on port 3000"}
{"level":50,"time":1734515620311,"pid":75813,"hostname":"camila-HP-ProBook-6560b","msg":"[HTTP_500] USER_NOT_FOUND"}
{"level":50,"time":1734515628293,"pid":75813,"hostname":"camila-HP-ProBook-6560b","msg":"[HTTP_500] USER_NOT_FOUND"}
{"level":50,"time":1734515646728,"pid":75813,"hostname":"camila-HP-ProBook-6560b","msg":"[HTTP_500] USER_NOT_FOUND"}
{"level":50,"time":1734515670895,"pid":75813,"hostname":"camila-HP-ProBook-6560b","msg":"[HTTP_500] USER_NOT_FOUND"}
{"level":30,"time":1734515710667,"pid":78058,"hostname":"camila-HP-ProBook-6560b","msg":"Server is running on port 3000"}
{"level":30,"time":1734515726094,"pid":78282,"hostname":"camila-HP-ProBook-6560b","msg":"Server is running on port 3000"}
{"level":30,"time":1734515781584,"pid":79113,"hostname":"camila-HP-ProBook-6560b","msg":"Server is running on port 3000"}
{"level":30,"time":1734515785523,"pid":79195,"hostname":"camila-HP-ProBook-6560b","msg":"Server is running on port 3000"}
{"level":30,"time":1734515794364,"pid":79553,"hostname":"camila-HP-ProBook-6560b","msg":"Server is running on port 3000"}
{"level":30,"time":1734515797587,"pid":79587,"hostname":"camila-HP-ProBook-6560b","msg":"Server is running on port 3000"}
{"level":30,"time":1734515801798,"pid":79668,"hostname":"camila-HP-ProBook-6560b","msg":"Server is running on port 3000"}
{"level":50,"time":1734515807762,"pid":79668,"hostname":"camila-HP-ProBook-6560b","msg":"[HTTP_500] USER_NOT_FOUND"}
{"level":50,"time":1734515815617,"pid":79668,"hostname":"camila-HP-ProBook-6560b","msg":"[HTTP_500] USER_NOT_FOUND"}
{"level":50,"time":1734515851025,"pid":79668,"hostname":"camila-HP-ProBook-6560b","msg":"[HTTP_500] USER_NOT_FOUND"}
{"level":50,"time":1734515857364,"pid":79668,"hostname":"camila-HP-ProBook-6560b","msg":"[HTTP_500] USER_NOT_FOUND"}
{"level":50,"time":1734515865905,"pid":79668,"hostname":"camila-HP-ProBook-6560b","msg":"[HTTP_500] USER_NOT_FOUND"}
{"level":50,"time":1734515872865,"pid":79668,"hostname":"camila-HP-ProBook-6560b","msg":"[HTTP_500] USER_NOT_FOUND"}
{"level":30,"time":1734515912787,"pid":82193,"hostname":"camila-HP-ProBook-6560b","msg":"Server is running on port 3000"}
{"level":30,"time":1734515923312,"pid":82379,"hostname":"camila-HP-ProBook-6560b","msg":"Server is running on port 3000"}
{"level":30,"time":1734515931880,"pid":82680,"hostname":"camila-HP-ProBook-6560b","msg":"Server is running on port 3000"}
{"level":30,"time":1734515933475,"pid":82697,"hostname":"camila-HP-ProBook-6560b","msg":"Server is running on port 3000"}
{"level":30,"time":1734515937882,"pid":82855,"hostname":"camila-HP-ProBook-6560b","msg":"Server is running on port 3000"}
{"level":30,"time":1734515953760,"pid":83251,"hostname":"camila-HP-ProBook-6560b","msg":"Server is running on port 3000"}
{"level":30,"time":1734515954787,"pid":83291,"hostname":"camila-HP-ProBook-6560b","msg":"Server is running on port 3000"}
{"level":30,"time":1734515959187,"pid":83357,"hostname":"camila-HP-ProBook-6560b","msg":"Server is running on port 3000"}
{"level":30,"time":1734515966315,"pid":83475,"hostname":"camila-HP-ProBook-6560b","msg":"Server is running on port 3000"}
{"level":30,"time":1734515971249,"pid":83569,"hostname":"camila-HP-ProBook-6560b","msg":"Server is running on port 3000"}
{"level":50,"time":1734515975142,"pid":83569,"hostname":"camila-HP-ProBook-6560b","msg":"[HTTP_500] USER_NOT_FOUND"}
{"level":30,"time":1734516083294,"pid":85511,"hostname":"camila-HP-ProBook-6560b","msg":"Server is running on port 3000"}
{"level":30,"time":1734516100649,"pid":85743,"hostname":"camila-HP-ProBook-6560b","msg":"Server is running on port 3000"}
{"level":30,"time":1734516104028,"pid":85938,"hostname":"camila-HP-ProBook-6560b","msg":"Server is running on port 3000"}
{"level":30,"time":1734516108420,"pid":86070,"hostname":"camila-HP-ProBook-6560b","msg":"Server is running on port 3000"}
{"level":30,"time":1734516116519,"pid":86188,"hostname":"camila-HP-ProBook-6560b","msg":"Server is running on port 3000"}
{"level":50,"time":1734516121935,"pid":86188,"hostname":"camila-HP-ProBook-6560b","msg":"[HTTP_500] USER_NOT_FOUND"}
{"level":50,"time":1734516128283,"pid":86188,"hostname":"camila-HP-ProBook-6560b","msg":"[HTTP_500] USER_NOT_FOUND"}
{"level":50,"time":1734516248195,"pid":86188,"hostname":"camila-HP-ProBook-6560b","msg":"[HTTP_500] USER_NOT_FOUND"}
{"level":50,"time":1734516629511,"pid":86188,"hostname":"camila-HP-ProBook-6560b","msg":"[HTTP_500] USER_NOT_FOUND"}
{"level":30,"time":1734516900822,"pid":96147,"hostname":"camila-HP-ProBook-6560b","msg":"Server is running on port 3000"}
{"level":30,"time":1734516904109,"pid":96198,"hostname":"camila-HP-ProBook-6560b","msg":"Server is running on port 3000"}
{"level":30,"time":1734516908343,"pid":96293,"hostname":"camila-HP-ProBook-6560b","msg":"Server is running on port 3000"}
{"level":30,"time":1734516910672,"pid":96350,"hostname":"camila-HP-ProBook-6560b","msg":"Server is running on port 3000"}
{"level":30,"time":1734516913424,"pid":96464,"hostname":"camila-HP-ProBook-6560b","msg":"Server is running on port 3000"}
{"level":30,"time":1734516916798,"pid":96521,"hostname":"camila-HP-ProBook-6560b","msg":"Server is running on port 3000"}
{"level":30,"time":1734516919901,"pid":96591,"hostname":"camila-HP-ProBook-6560b","msg":"Server is running on port 3000"}
{"level":30,"time":1734516929875,"pid":96725,"hostname":"camila-HP-ProBook-6560b","msg":"Server is running on port 3000"}
{"level":30,"time":1734516931552,"pid":96760,"hostname":"camila-HP-ProBook-6560b","msg":"Server is running on port 3000"}
{"level":30,"time":1734516935575,"pid":96849,"hostname":"camila-HP-ProBook-6560b","msg":"Server is running on port 3000"}
{"level":50,"time":1734517002964,"pid":96849,"hostname":"camila-HP-ProBook-6560b","msg":"[HTTP_500] USER_NOT_FOUND"}
{"level":30,"time":1734517804476,"pid":108230,"hostname":"camila-HP-ProBook-6560b","msg":"Server is running on port 3000"}
{"level":30,"time":1734517810000,"pid":108335,"hostname":"camila-HP-ProBook-6560b","msg":"Server is running on port 3000"}
{"level":50,"time":1734517855890,"pid":108335,"hostname":"camila-HP-ProBook-6560b","msg":"[HTTP_500] USER_NOT_FOUND"}
{"level":50,"time":1734517861540,"pid":108335,"hostname":"camila-HP-ProBook-6560b","msg":"[HTTP_500] USER_NOT_FOUND"}
{"level":50,"time":1734517865823,"pid":108335,"hostname":"camila-HP-ProBook-6560b","msg":"[HTTP_500] USER_NOT_FOUND"}
{"level":50,"time":1734517876516,"pid":108335,"hostname":"camila-HP-ProBook-6560b","msg":"[HTTP_500] USER_NOT_FOUND"}
{"level":50,"time":1734517944057,"pid":108335,"hostname":"camila-HP-ProBook-6560b","msg":"[HTTP_500] USER_NOT_FOUND"}
{"level":50,"time":1734517964678,"pid":108335,"hostname":"camila-HP-ProBook-6560b","msg":"[HTTP_500] USER_NOT_FOUND"}
{"level":50,"time":1734517969589,"pid":108335,"hostname":"camila-HP-ProBook-6560b","msg":"[HTTP_500] USER_NOT_FOUND"}
{"level":50,"time":1734517975956,"pid":108335,"hostname":"camila-HP-ProBook-6560b","msg":"[HTTP_500] USER_NOT_FOUND"}
{"level":50,"time":1734517980394,"pid":108335,"hostname":"camila-HP-ProBook-6560b","msg":"[HTTP_500] USER_NOT_FOUND"}
{"level":50,"time":1734517983072,"pid":108335,"hostname":"camila-HP-ProBook-6560b","msg":"[HTTP_500] USER_NOT_FOUND"}
{"level":50,"time":1734517993970,"pid":108335,"hostname":"camila-HP-ProBook-6560b","msg":"[HTTP_500] USER_NOT_FOUND"}
{"level":50,"time":1734518019765,"pid":108335,"hostname":"camila-HP-ProBook-6560b","msg":"[HTTP_500] USER_NOT_FOUND"}
{"level":50,"time":1734518055825,"pid":108335,"hostname":"camila-HP-ProBook-6560b","msg":"[HTTP_500] USER_NOT_FOUND"}
{"level":30,"time":1734518071673,"pid":112112,"hostname":"camila-HP-ProBook-6560b","msg":"Server is running on port 3000"}
{"level":50,"time":1734518076994,"pid":112112,"hostname":"camila-HP-ProBook-6560b","msg":"[HTTP_500] USER_NOT_FOUND"}
{"level":50,"time":1734518086373,"pid":112112,"hostname":"camila-HP-ProBook-6560b","msg":"[HTTP_500] USER_NOT_FOUND"}
{"level":50,"time":1734518136771,"pid":112112,"hostname":"camila-HP-ProBook-6560b","msg":"[HTTP_500] USER_NOT_FOUND"}
{"level":30,"time":1735917706290,"pid":53906,"hostname":"camila-HP-ProBook-6560b","msg":"Server is running on port 3000"}
{"level":50,"time":1735917761895,"pid":53906,"hostname":"camila-HP-ProBook-6560b","msg":"[HTTP_500] USER_NOT_FOUND"}
{"level":50,"time":1735917853433,"pid":53906,"hostname":"camila-HP-ProBook-6560b","msg":"[HTTP_500] USER_NOT_FOUND"}
{"level":50,"time":1735917859859,"pid":53906,"hostname":"camila-HP-ProBook-6560b","msg":"[HTTP_500] USER_NOT_FOUND"}
{"level":50,"time":1735919634328,"pid":53906,"hostname":"camila-HP-ProBook-6560b","msg":"[HTTP_500] USER_NOT_FOUND"}
{"level":50,"time":1735920300130,"pid":53906,"hostname":"camila-HP-ProBook-6560b","msg":"[HTTP_500] TOKEN_IS_MISSING"}
{"level":50,"time":1735920443514,"pid":53906,"hostname":"camila-HP-ProBook-6560b","msg":"[HTTP_500] USER_NOT_FOUND"}
{"level":50,"time":1735920604055,"pid":53906,"hostname":"camila-HP-ProBook-6560b","msg":"[HTTP_500] USER_NOT_FOUND"}
{"level":50,"time":1735920612524,"pid":53906,"hostname":"camila-HP-ProBook-6560b","msg":"[HTTP_500] USER_NOT_FOUND"}
{"level":50,"time":1735920629113,"pid":53906,"hostname":"camila-HP-ProBook-6560b","msg":"[HTTP_500] USER_NOT_FOUND"}
{"level":50,"time":1735920644932,"pid":53906,"hostname":"camila-HP-ProBook-6560b","msg":"[HTTP_500] USER_NOT_FOUND"}
{"level":50,"time":1735920660218,"pid":53906,"hostname":"camila-HP-ProBook-6560b","msg":"[HTTP_500] USER_NOT_FOUND"}
{"level":30,"time":1735922125866,"pid":104214,"hostname":"camila-HP-ProBook-6560b","msg":"Server is running on port 3000"}
{"level":30,"time":1735922129337,"pid":104349,"hostname":"camila-HP-ProBook-6560b","msg":"Server is running on port 3000"}
{"level":30,"time":1735922136351,"pid":104454,"hostname":"camila-HP-ProBook-6560b","msg":"Server is running on port 3000"}
{"level":30,"time":1735922157917,"pid":104932,"hostname":"camila-HP-ProBook-6560b","msg":"Server is running on port 3000"}
{"level":30,"time":1735922162832,"pid":105086,"hostname":"camila-HP-ProBook-6560b","msg":"Server is running on port 3000"}
{"level":30,"time":1735925125697,"pid":160392,"hostname":"camila-HP-ProBook-6560b","msg":"Server is running on port 3000"}
{"level":30,"time":1736334076074,"pid":28445,"hostname":"camila-HP-ProBook-6560b","msg":"Server is running on port 3000"}
{"level":30,"time":1736334913309,"pid":43162,"hostname":"camila-HP-ProBook-6560b","msg":"Server is running on port 3000"}
{"level":30,"time":1736334964148,"pid":43950,"hostname":"camila-HP-ProBook-6560b","msg":"Server is running on port 3000"}
{"level":30,"time":1736334967643,"pid":44015,"hostname":"camila-HP-ProBook-6560b","msg":"Server is running on port 3000"}
{"level":30,"time":1736334968746,"pid":44051,"hostname":"camila-HP-ProBook-6560b","msg":"Server is running on port 3000"}
{"level":30,"time":1736334975787,"pid":44239,"hostname":"camila-HP-ProBook-6560b","msg":"Server is running on port 3000"}
{"level":30,"time":1736334980283,"pid":44326,"hostname":"camila-HP-ProBook-6560b","msg":"Server is running on port 3000"}
{"level":30,"time":1736335384413,"pid":50494,"hostname":"camila-HP-ProBook-6560b","msg":"Server is running on port 3000"}
{"level":30,"time":1736335479922,"pid":52994,"hostname":"camila-HP-ProBook-6560b","msg":"Server is running on port 3000"}
{"level":30,"time":1736335483413,"pid":53057,"hostname":"camila-HP-ProBook-6560b","msg":"Server is running on port 3000"}
{"level":30,"time":1736335487722,"pid":53152,"hostname":"camila-HP-ProBook-6560b","msg":"Server is running on port 3000"}
{"level":30,"time":1736335488837,"pid":53175,"hostname":"camila-HP-ProBook-6560b","msg":"Server is running on port 3000"}
{"level":30,"time":1736335490339,"pid":53196,"hostname":"camila-HP-ProBook-6560b","msg":"Server is running on port 3000"}
{"level":30,"time":1736337277478,"pid":89073,"hostname":"camila-HP-ProBook-6560b","msg":"Server is running on port 3000"}
{"level":30,"time":1736337282625,"pid":89175,"hostname":"camila-HP-ProBook-6560b","msg":"Server is running on port 3000"}
{"level":30,"time":1736337293602,"pid":89390,"hostname":"camila-HP-ProBook-6560b","msg":"Server is running on port 3000"}
{"level":30,"time":1736337323708,"pid":89818,"hostname":"camila-HP-ProBook-6560b","msg":"Server is running on port 3000"}
{"level":30,"time":1736337325551,"pid":89863,"hostname":"camila-HP-ProBook-6560b","msg":"Server is running on port 3000"}
{"level":50,"time":1736337461327,"pid":89863,"hostname":"camila-HP-ProBook-6560b","msg":"[HTTP_500] CHEF_NOT_FOUND"}
{"level":50,"time":1736337812663,"pid":89863,"hostname":"camila-HP-ProBook-6560b","msg":"[HTTP_500] CHEF_NOT_FOUND"}
{"level":50,"time":1736337837815,"pid":89863,"hostname":"camila-HP-ProBook-6560b","msg":"[HTTP_500] CHEF_NOT_FOUND"}
{"level":50,"time":1736337890692,"pid":89863,"hostname":"camila-HP-ProBook-6560b","msg":"[HTTP_500] CHEF_NOT_FOUND"}
{"level":50,"time":1736338613174,"pid":89863,"hostname":"camila-HP-ProBook-6560b","msg":"[HTTP_500] CHEF_NOT_FOUND"}
{"level":50,"time":1736338764386,"pid":89863,"hostname":"camila-HP-ProBook-6560b","msg":"[HTTP_500] CHEF_NOT_FOUND"}
{"level":50,"time":1736338811844,"pid":89863,"hostname":"camila-HP-ProBook-6560b","msg":"[HTTP_500] CHEF_NOT_FOUND"}
{"level":50,"time":1736338817354,"pid":89863,"hostname":"camila-HP-ProBook-6560b","msg":"[HTTP_500] CHEF_NOT_FOUND"}
{"level":50,"time":1736339036134,"pid":89863,"hostname":"camila-HP-ProBook-6560b","msg":"[HTTP_500] CHEF_NOT_FOUND"}
{"level":50,"time":1736340094792,"pid":89863,"hostname":"camila-HP-ProBook-6560b","msg":"[HTTP_500] insert or update on table \"Recipes\" violates foreign key constraint \"Recipes_created_by_id_fkey\""}
{"level":30,"time":1736340503498,"pid":131345,"hostname":"camila-HP-ProBook-6560b","msg":"Server is running on port 3000"}
{"level":50,"time":1736340555925,"pid":131345,"hostname":"camila-HP-ProBook-6560b","msg":"[HTTP_500] CHEF_SHIFT_TYPE_NOT_FOUND"}
{"level":50,"time":1736340591080,"pid":131345,"hostname":"camila-HP-ProBook-6560b","msg":"[HTTP_500] CHEF_SHIFT_TYPE_NOT_FOUND"}
